<?xml version="1.0" encoding="UTF-8"?>
<testng-results ignored="0" total="3" passed="3" failed="0" skipped="0">
  <reporter-output>
  </reporter-output>
  <suite started-at="2025-02-27T14:37:14 IST" name="Default suite" finished-at="2025-02-27T14:38:28 IST" duration-ms="74120">
    <groups>
    </groups>
    <test started-at="2025-02-27T14:37:14 IST" name="Default test" finished-at="2025-02-27T14:38:28 IST" duration-ms="74120">
      <class name="org.pro.ModuleTwo">
        <test-method is-config="true" signature="startDate()[pri:0, instance:org.pro.ModuleTwo@7c1e2a9e]" started-at="2025-02-27T14:37:14 IST" name="startDate" finished-at="2025-02-27T14:37:14 IST" duration-ms="23" status="PASS">
          <reporter-output>
          </reporter-output>
        </test-method> <!-- startDate -->
        <test-method signature="tc5()[pri:-5, instance:org.pro.ModuleTwo@7c1e2a9e]" started-at="2025-02-27T14:37:14 IST" name="tc5" finished-at="2025-02-27T14:37:15 IST" duration-ms="1112" status="PASS">
          <reporter-output>
          </reporter-output>
        </test-method> <!-- tc5 -->
        <test-method is-config="true" signature="endDate()[pri:0, instance:org.pro.ModuleTwo@7c1e2a9e]" started-at="2025-02-27T14:37:15 IST" name="endDate" finished-at="2025-02-27T14:37:15 IST" duration-ms="1" status="PASS">
          <reporter-output>
          </reporter-output>
        </test-method> <!-- endDate -->
        <test-method is-config="true" signature="startDate()[pri:0, instance:org.pro.ModuleTwo@7c1e2a9e]" started-at="2025-02-27T14:37:15 IST" name="startDate" finished-at="2025-02-27T14:37:15 IST" duration-ms="0" status="PASS">
          <reporter-output>
          </reporter-output>
        </test-method> <!-- startDate -->
        <test-method signature="tc4()[pri:0, instance:org.pro.ModuleTwo@7c1e2a9e]" started-at="2025-02-27T14:37:15 IST" name="tc4" finished-at="2025-02-27T14:38:17 IST" duration-ms="61947" status="PASS">
          <reporter-output>
          </reporter-output>
        </test-method> <!-- tc4 -->
        <test-method is-config="true" signature="endDate()[pri:0, instance:org.pro.ModuleTwo@7c1e2a9e]" started-at="2025-02-27T14:38:17 IST" name="endDate" finished-at="2025-02-27T14:38:17 IST" duration-ms="1" status="PASS">
          <reporter-output>
          </reporter-output>
        </test-method> <!-- endDate -->
        <test-method signature="tc2()[pri:10, instance:org.pro.ModuleTwo@7c1e2a9e]" started-at="2025-02-27T14:38:17 IST" name="tc2" finished-at="2025-02-27T14:38:28 IST" duration-ms="10969" status="PASS">
          <reporter-output>
          </reporter-output>
        </test-method> <!-- tc2 -->
        <test-method is-config="true" signature="startDate()[pri:0, instance:org.pro.ModuleTwo@7c1e2a9e]" started-at="2025-02-27T14:38:17 IST" name="startDate" finished-at="2025-02-27T14:38:17 IST" duration-ms="0" status="PASS">
          <reporter-output>
          </reporter-output>
        </test-method> <!-- startDate -->
        <test-method is-config="true" signature="endDate()[pri:0, instance:org.pro.ModuleTwo@7c1e2a9e]" started-at="2025-02-27T14:38:28 IST" name="endDate" finished-at="2025-02-27T14:38:28 IST" duration-ms="0" status="PASS">
          <reporter-output>
          </reporter-output>
        </test-method> <!-- endDate -->
      </class> <!-- org.pro.ModuleTwo -->
    </test> <!-- Default test -->
  </suite> <!-- Default suite -->
</testng-results>
