<?xml version="1.0" encoding="UTF-8"?>
<testng-results ignored="3" total="5" passed="2" failed="0" skipped="0">
  <reporter-output>
  </reporter-output>
  <suite started-at="2025-02-24T18:18:19 IST" name="Default suite" finished-at="2025-02-24T18:18:39 IST" duration-ms="20233">
    <groups>
    </groups>
    <test started-at="2025-02-24T18:18:19 IST" name="Default test" finished-at="2025-02-24T18:18:39 IST" duration-ms="20233">
      <class name="org.pro.ModuleTwo">
        <test-method is-config="true" signature="startDate()[pri:0, instance:org.pro.ModuleTwo@5609159b]" started-at="2025-02-24T18:18:19 IST" name="startDate" finished-at="2025-02-24T18:18:19 IST" duration-ms="31" status="PASS">
          <reporter-output>
          </reporter-output>
        </test-method> <!-- startDate -->
        <test-method signature="tc1()[pri:0, instance:org.pro.ModuleTwo@5609159b]" started-at="2025-02-24T18:18:19 IST" name="tc1" finished-at="2025-02-24T18:18:37 IST" duration-ms="18115" status="PASS">
          <reporter-output>
          </reporter-output>
        </test-method> <!-- tc1 -->
        <test-method is-config="true" signature="endDate()[pri:0, instance:org.pro.ModuleTwo@5609159b]" started-at="2025-02-24T18:18:37 IST" name="endDate" finished-at="2025-02-24T18:18:37 IST" duration-ms="5" status="PASS">
          <reporter-output>
          </reporter-output>
        </test-method> <!-- endDate -->
        <test-method is-config="true" signature="startDate()[pri:0, instance:org.pro.ModuleTwo@5609159b]" started-at="2025-02-24T18:18:37 IST" name="startDate" finished-at="2025-02-24T18:18:37 IST" duration-ms="2" status="PASS">
          <reporter-output>
          </reporter-output>
        </test-method> <!-- startDate -->
        <test-method signature="tc5()[pri:15, instance:org.pro.ModuleTwo@5609159b]" started-at="2025-02-24T18:18:37 IST" name="tc5" finished-at="2025-02-24T18:18:39 IST" duration-ms="2005" status="PASS">
          <reporter-output>
          </reporter-output>
        </test-method> <!-- tc5 -->
        <test-method is-config="true" signature="endDate()[pri:0, instance:org.pro.ModuleTwo@5609159b]" started-at="2025-02-24T18:18:39 IST" name="endDate" finished-at="2025-02-24T18:18:39 IST" duration-ms="0" status="PASS">
          <reporter-output>
          </reporter-output>
        </test-method> <!-- endDate -->
      </class> <!-- org.pro.ModuleTwo -->
    </test> <!-- Default test -->
  </suite> <!-- Default suite -->
</testng-results>
