<?xml version="1.0" encoding="UTF-8"?>
<!-- Generated by org.testng.reporters.JUnitXMLReporter -->
<testsuite ignored="3" hostname="DESKTOP-5PV4UM2" failures="0" tests="2" name="Default test" time="20.233" errors="0" timestamp="2025-02-24T18:18:39 IST">
  <testcase classname="org.pro.ModuleTwo" name="tc1" time="18.115"/>
  <testcase classname="org.pro.ModuleTwo" name="tc5" time="2.005"/>
  <testcase classname="org.pro.ModuleTwo" name="tc3" time="0.0">
    <ignored/>
  </testcase> <!-- tc3 -->
  <testcase classname="org.pro.ModuleTwo" name="tc4" time="0.0">
    <ignored/>
  </testcase> <!-- tc4 -->
  <testcase classname="org.pro.ModuleTwo" name="tc2" time="0.0">
    <ignored/>
  </testcase> <!-- tc2 -->
</testsuite> <!-- Default test -->
