<?xml version="1.0" encoding="UTF-8"?>
<!-- Generated by org.testng.reporters.JUnitXMLReporter -->
<testsuite ignored="2" hostname="DESKTOP-5PV4UM2" failures="0" tests="3" name="Default test" time="74.12" errors="0" timestamp="2025-02-27T14:38:28 IST">
  <testcase classname="org.pro.ModuleTwo" name="tc5" time="1.112"/>
  <testcase classname="org.pro.ModuleTwo" name="tc4" time="61.947"/>
  <testcase classname="org.pro.ModuleTwo" name="tc2" time="10.969"/>
  <testcase classname="org.pro.ModuleTwo" name="tc1" time="0.0">
    <ignored/>
  </testcase> <!-- tc1 -->
  <testcase classname="org.pro.ModuleTwo" name="tc3" time="0.0">
    <ignored/>
  </testcase> <!-- tc3 -->
</testsuite> <!-- Default test -->
